
========================= README.md ================================
https://github.com/WangXiaoxi/IOSLearing/
https://github.com/castial/HYFileManager
https://github.com/zangqilong198812/SequenRotateAnimation
https://github.com/zangqilong198812/QQPersonalInfoTransition
https://github.com/Glow-Inc/TaskSwitcherDemon
https://github.com/zangqilong198812/PanelDemo
https://github.com/menxu/MusicPlayert
https://github.com/f33chobits/FSVoiceBubble
https://github.com/coderyi/Eleven
https://github.com/SpringOx/AGImagePickerController
https://github.com/Sinkup/CameraStickerDemo
https://github.com/LZTuna/ZYCalendar
https://github.com/wuwen1030/CALayerAnimationDemoh
https://github.com/zangqilong198812/CustomSearchBar
https://github.com/zhangli4659507/JDSelectedDemo
https://github.com/Lves/LLPieCharts
https://github.com/mrchenhao/HHFlashSwitch
https://github.com/exsortis/DateTimeKit
https://github.com/MHaroonBaig/MotionKitr
https://github.com/colin1994/batteryLevelTest
https://github.com/ibireme/YYAsyncLayers
https://github.com/smilingxinyi/GesturePassword
https://github.com/icepy/_posts/blob/master/iOS%E6%8F%90%E9%AB%98%E6%95%88%E7%8E%87%E7%9A%84%E6%96%B9%E6%B3%95%E5%92%8C%E5%B7%A5%E5%85%B7.md

========================== Swift.md ===============================
https://github.com/twitterdev/furni-ios
https://github.com/schwa/TimingFunctionEditor
https://github.com/MakeZL/ZLSwiftRefresh
https://github.com/lzwjava/CoreAnimationCode
https://github.com/khoiln/RunKit
https://github.com/jscalo/TempiBeatDetection
https://github.com/xmartlabs/Eureka 


